c:\users\garyt\desktop\gp2coursework\gp2coursework\debug\vc141.pdb
c:\users\garyt\desktop\gp2coursework\gp2coursework\debug\vc141.idb
c:\users\garyt\desktop\gp2coursework\gp2coursework\debug\game.obj
c:\users\garyt\desktop\gp2coursework\gp2coursework\debug\main.obj
c:\users\garyt\desktop\gp2coursework\gp2coursework\debug\model.obj
c:\users\garyt\desktop\gp2coursework\gp2coursework\debug\obj_loader.obj
c:\users\garyt\desktop\gp2coursework\gp2coursework\debug\shader.obj
c:\users\garyt\desktop\gp2coursework\gp2coursework\debug\sound.obj
c:\users\garyt\desktop\gp2coursework\gp2coursework\debug\texture.obj
c:\users\garyt\desktop\gp2coursework\gp2coursework\debug\viewport.obj
c:\users\garyt\desktop\gp2coursework\gp2coursework\debug\stb_image.obj
c:\users\garyt\desktop\gp2coursework\debug\gp2coursework.exe
c:\users\garyt\desktop\gp2coursework\debug\gp2coursework.ilk
c:\users\garyt\desktop\gp2coursework\debug\gp2coursework.pdb
c:\users\garyt\desktop\gp2coursework\gp2coursework\debug\game.obj.enc
c:\users\garyt\desktop\gp2coursework\gp2coursework\debug\gp2coursework.tlog\cl.command.1.tlog
c:\users\garyt\desktop\gp2coursework\gp2coursework\debug\gp2coursework.tlog\cl.read.1.tlog
c:\users\garyt\desktop\gp2coursework\gp2coursework\debug\gp2coursework.tlog\cl.write.1.tlog
c:\users\garyt\desktop\gp2coursework\gp2coursework\debug\gp2coursework.tlog\link.command.1.tlog
c:\users\garyt\desktop\gp2coursework\gp2coursework\debug\gp2coursework.tlog\link.read.1.tlog
c:\users\garyt\desktop\gp2coursework\gp2coursework\debug\gp2coursework.tlog\link.write.1.tlog
